{
  "stats": {
    "suites": 1,
    "tests": 1,
    "passes": 1,
    "pending": 0,
    "failures": 0,
    "start": "2025-02-25T09:48:18.563Z",
    "end": "2025-02-25T09:48:34.589Z",
    "duration": 16026,
    "testsRegistered": 1,
    "passPercent": 100,
    "pendingPercent": 0,
    "other": 0,
    "hasOther": false,
    "skipped": 0,
    "hasSkipped": false
  },
  "results": [
    {
      "uuid": "b9445455-b61a-40b2-8496-6dcaf49efc86",
      "title": "",
      "fullFile": "C:\\Automatetest\\automationwithreport\\checkbettery.js",
      "file": "\\checkbettery.js",
      "beforeHooks": [],
      "afterHooks": [],
      "tests": [],
      "suites": [
        {
          "uuid": "3fdd4efe-d23a-41c9-a030-90c80b18c50f",
          "title": "ทดสอบการเลื่อนหาและคลิกที่ Battery",
          "fullFile": "C:\\Automatetest\\automationwithreport\\checkbettery.js",
          "file": "\\checkbettery.js",
          "beforeHooks": [
            {
              "title": "\"before all\" hook in \"ทดสอบการเลื่อนหาและคลิกที่ Battery\"",
              "fullTitle": "ทดสอบการเลื่อนหาและคลิกที่ Battery \"before all\" hook in \"ทดสอบการเลื่อนหาและคลิกที่ Battery\"",
              "timedOut": false,
              "duration": 8332,
              "state": null,
              "speed": null,
              "pass": false,
              "fail": false,
              "pending": false,
              "context": null,
              "code": "driver = await remote({\n  hostname: \"localhost\",\n  port: 4723,\n  path: \"/wd/hub\",\n  capabilities,\n});",
              "err": {},
              "uuid": "f751e86d-4e32-4b47-a34e-06cfdfad9060",
              "parentUUID": "3fdd4efe-d23a-41c9-a030-90c80b18c50f",
              "isHook": true,
              "skipped": false
            }
          ],
          "afterHooks": [
            {
              "title": "\"after all\" hook in \"ทดสอบการเลื่อนหาและคลิกที่ Battery\"",
              "fullTitle": "ทดสอบการเลื่อนหาและคลิกที่ Battery \"after all\" hook in \"ทดสอบการเลื่อนหาและคลิกที่ Battery\"",
              "timedOut": false,
              "duration": 349,
              "state": null,
              "speed": null,
              "pass": false,
              "fail": false,
              "pending": false,
              "context": null,
              "code": "await driver.deleteSession();",
              "err": {},
              "uuid": "c033a2f9-2d10-4dcc-a810-47764d1f8611",
              "parentUUID": "3fdd4efe-d23a-41c9-a030-90c80b18c50f",
              "isHook": true,
              "skipped": false
            }
          ],
          "tests": [
            {
              "title": "ควรเลื่อนหาและคลิกที่ Battery ใน Settings",
              "fullTitle": "ทดสอบการเลื่อนหาและคลิกที่ Battery ควรเลื่อนหาและคลิกที่ Battery ใน Settings",
              "timedOut": false,
              "duration": 7333,
              "state": "passed",
              "speed": "slow",
              "pass": true,
              "fail": false,
              "pending": false,
              "context": null,
              "code": "// ค้นหาและเลื่อนให้เห็น \"Battery\"\nconst batteryElement = await driver.$(\n  'android=new UiScrollable(new UiSelector().scrollable(true)).scrollIntoView(new UiSelector().text(\"Battery\"))'\n);\n// ตรวจสอบว่าพบ Element จริง\nexpect(await batteryElement.isDisplayed()).to.be.true;\n// คลิกที่ Battery\nawait batteryElement.click();\n// ตรวจสอบว่าหน้า Battery เปิดขึ้น\nconst batteryTitle = await driver.$('android.widget.TextView');\nexpect(await batteryTitle.getText()).to.include(\"Battery\");",
              "err": {},
              "uuid": "bf98fd8c-501a-4218-b5cc-26b5b6b192fa",
              "parentUUID": "3fdd4efe-d23a-41c9-a030-90c80b18c50f",
              "isHook": false,
              "skipped": false
            }
          ],
          "suites": [],
          "passes": [
            "bf98fd8c-501a-4218-b5cc-26b5b6b192fa"
          ],
          "failures": [],
          "pending": [],
          "skipped": [],
          "duration": 7333,
          "root": false,
          "rootEmpty": false,
          "_timeout": 30000
        }
      ],
      "passes": [],
      "failures": [],
      "pending": [],
      "skipped": [],
      "duration": 0,
      "root": true,
      "rootEmpty": true,
      "_timeout": 2000
    }
  ],
  "meta": {
    "mocha": {
      "version": "10.8.2"
    },
    "mochawesome": {
      "options": {
        "quiet": false,
        "reportFilename": "mochawesome",
        "saveHtml": true,
        "saveJson": true,
        "consoleReporter": "spec",
        "useInlineDiffs": false,
        "code": true
      },
      "version": "7.1.3"
    },
    "marge": {
      "options": null,
      "version": "6.2.0"
    }
  }
}