{
  "stats": {
    "suites": 1,
    "tests": 2,
    "passes": 0,
    "pending": 0,
    "failures": 2,
    "start": "2025-03-07T03:23:47.376Z",
    "end": "2025-03-07T03:23:47.382Z",
    "duration": 6,
    "testsRegistered": 2,
    "passPercent": 0,
    "pendingPercent": 0,
    "other": 0,
    "hasOther": false,
    "skipped": 0,
    "hasSkipped": false
  },
  "results": [
    {
      "uuid": "7799b1db-a4e1-45b5-a019-9d2d50442300",
      "title": "",
      "fullFile": "C:\\Users\\min01\\Documents\\GitHub\\mobile-automation-testing\\checkbettery.js",
      "file": "\\checkbettery.js",
      "beforeHooks": [],
      "afterHooks": [],
      "tests": [],
      "suites": [
        {
          "uuid": "81e8e469-2a8b-4e60-aa01-65110df620e9",
          "title": "Verify Scrolling and Clicking on Battery",
          "fullFile": "C:\\Users\\min01\\Documents\\GitHub\\mobile-automation-testing\\checkbettery.js",
          "file": "\\checkbettery.js",
          "beforeHooks": [],
          "afterHooks": [],
          "tests": [
            {
              "title": "Scroll to Battery and Click",
              "fullTitle": "Verify Scrolling and Clicking on Battery Scroll to Battery and Click",
              "timedOut": false,
              "duration": 0,
              "state": "failed",
              "speed": null,
              "pass": false,
              "fail": true,
              "pending": false,
              "context": null,
              "code": "// ค้นหา Battery และ Scroll ไปที่มัน\nconst batteryElement = await browser.$(\n  'android=new UiScrollable(new UiSelector().scrollable(true)).scrollIntoView(new UiSelector().text(\"Battery\"))'\n);\n\n// ตรวจสอบว่า Battery ปรากฏ และคลิก\nexpect(await batteryElement.isDisplayed()).to.be.true;\nawait takeScreenshot(\"BatteryMenu\")\nawait batteryElement.click();",
              "err": {
                "message": "ReferenceError: browser is not defined",
                "estack": "ReferenceError: browser is not defined\n    at Context.<anonymous> (file:///C:/Users/min01/Documents/GitHub/mobile-automation-testing/checkbettery.js:9:28)\n    at process.processImmediate (node:internal/timers:483:21)",
                "diff": null
              },
              "uuid": "6867b72b-66b9-4035-b2f8-45b94da93e64",
              "parentUUID": "81e8e469-2a8b-4e60-aa01-65110df620e9",
              "isHook": false,
              "skipped": false
            },
            {
              "title": "Check Battery Details Screen",
              "fullTitle": "Verify Scrolling and Clicking on Battery Check Battery Details Screen",
              "timedOut": false,
              "duration": 0,
              "state": "failed",
              "speed": null,
              "pass": false,
              "fail": true,
              "pending": false,
              "context": null,
              "code": "// ตรวจสอบว่าเข้าสู่หน้า Battery\nconst batteryTitle = await browser.$(\"android.widget.TextView\");\nexpect(await batteryTitle.getText()).to.include(\"Battery\");\nawait captureAndCompareScreenshot(\"Batterysetting\");",
              "err": {
                "message": "ReferenceError: browser is not defined",
                "estack": "ReferenceError: browser is not defined\n    at Context.<anonymous> (file:///C:/Users/min01/Documents/GitHub/mobile-automation-testing/checkbettery.js:21:26)\n    at process.processImmediate (node:internal/timers:483:21)",
                "diff": null
              },
              "uuid": "0cfd4de9-4c2b-4e3c-badd-2a1469b2944b",
              "parentUUID": "81e8e469-2a8b-4e60-aa01-65110df620e9",
              "isHook": false,
              "skipped": false
            }
          ],
          "suites": [],
          "passes": [],
          "failures": [
            "6867b72b-66b9-4035-b2f8-45b94da93e64",
            "0cfd4de9-4c2b-4e3c-badd-2a1469b2944b"
          ],
          "pending": [],
          "skipped": [],
          "duration": 0,
          "root": false,
          "rootEmpty": false,
          "_timeout": 30000
        }
      ],
      "passes": [],
      "failures": [],
      "pending": [],
      "skipped": [],
      "duration": 0,
      "root": true,
      "rootEmpty": true,
      "_timeout": 2000
    }
  ],
  "meta": {
    "mocha": {
      "version": "10.8.2"
    },
    "mochawesome": {
      "options": {
        "quiet": false,
        "reportFilename": "mochawesome",
        "saveHtml": true,
        "saveJson": true,
        "consoleReporter": "spec",
        "useInlineDiffs": false,
        "code": true
      },
      "version": "7.1.3"
    },
    "marge": {
      "options": null,
      "version": "6.2.0"
    }
  }
}